-------------------------------------------------------------------------------
Test set: com.example.order.OrderApplicationTests
-------------------------------------------------------------------------------
Tests run: 1, Failures: 0, Errors: 1, Skipped: 0, Time elapsed: 0.849 s <<< FAILURE! - in com.example.order.OrderApplicationTests
com.example.order.OrderApplicationTests  Time elapsed: 0.846 s  <<< ERROR!
java.lang.IllegalStateException: Unable to find a @SpringBootConfiguration, you need to use @ContextConfiguration or @SpringBootTest(classes=...) with your test

