-------------------------------------------------------------------------------
Test set: com.example.order.DemoApplicationTests
-------------------------------------------------------------------------------
Tests run: 1, Failures: 0, Errors: 1, Skipped: 0, Time elapsed: 3.647 s <<< FAILURE! - in com.example.order.DemoApplicationTests
com.example.order.DemoApplicationTests  Time elapsed: 3.644 s  <<< ERROR!
java.lang.IllegalStateException: Unable to find a @SpringBootConfiguration, you need to use @ContextConfiguration or @SpringBootTest(classes=...) with your test

